[+] Containers:
 |- [+] Container: /Game/ThirdPerson/Maps/ThirdPersonMap
 |   |- [+] ActorDescs:
 |   |   |- Guid:00749AE54309E4B30383B996BC5CE6D1 BaseClass: NativeClass:/Script/Engine.StaticMeshActor Name:StaticMeshActor_UAID_B44506D297670B6F01_1237766882 Label:StaticMeshActor SpatiallyLoaded:1 Bounds:IsValid=true, Min=(X=3040.000 Y=122.000 Z=1518.000), Max=(X=3296.000 Y=378.000 Z=1774.000) RuntimeGrid:None EditorOnly:0 RuntimeOnly:0 HLODRelevant:1
 |   |   |- Guid:064FA20A456DBAAF2DA6679AEA29B8F9 BaseClass: NativeClass:/Script/Engine.StaticMeshActor Name:StaticMeshActor_UAID_B44506D297670B6F01_1237765881 Label:StaticMeshActor SpatiallyLoaded:1 Bounds:IsValid=true, Min=(X=3040.000 Y=122.000 Z=750.000), Max=(X=3296.000 Y=378.000 Z=1006.000) RuntimeGrid:None EditorOnly:0 RuntimeOnly:0 HLODRelevant:1
 |   |   |- Guid:08C3BF4746F5E2890EF33F8F26E29839 BaseClass: NativeClass:/Script/Engine.StaticMeshActor Name:StaticMeshActor_UAID_B44506D297670B6F01_1237767883 Label:StaticMeshActor SpatiallyLoaded:1 Bounds:IsValid=true, Min=(X=3040.000 Y=890.000 Z=-18.000), Max=(X=3296.000 Y=1146.000 Z=238.000) RuntimeGrid:None EditorOnly:0 RuntimeOnly:0 HLODRelevant:1
 |   |   |- Guid:0BB358F4465CF603352A67BA6ED53875 BaseClass: NativeClass:/Script/Engine.StaticMeshActor Name:StaticMeshActor_UAID_B44506D297670B6F01_1237757872 Label:StaticMeshActor SpatiallyLoaded:1 Bounds:IsValid=true, Min=(X=2272.000 Y=122.000 Z=750.000), Max=(X=2528.000 Y=378.000 Z=1006.000) RuntimeGrid:None EditorOnly:0 RuntimeOnly:0 HLODRelevant:1
 |   |   |- Guid:0DD1D8CE4BEA85B068452F9B1D7D1D52 BaseClass: NativeClass:/Script/Engine.StaticMeshActor Name:StaticMeshActor_UAID_B44506D297670B6F01_1237755871 Label:StaticMeshActor SpatiallyLoaded:1 Bounds:IsValid=true, Min=(X=2272.000 Y=122.000 Z=-18.000), Max=(X=2528.000 Y=378.000 Z=238.000) RuntimeGrid:None EditorOnly:0 RuntimeOnly:0 HLODRelevant:1
 |   |   |- Guid:1435C6944FDE6A4600740B90D82A12A9 BaseClass: NativeClass:/Script/Engine.StaticMeshActor Name:StaticMeshActor_UAID_B44506D297670B6F01_1237772889 Label:StaticMeshActor SpatiallyLoaded:1 Bounds:IsValid=true, Min=(X=3808.000 Y=122.000 Z=-18.000), Max=(X=4064.000 Y=378.000 Z=238.000) RuntimeGrid:None EditorOnly:0 RuntimeOnly:0 HLODRelevant:1
 |   |   |- Guid:157B8F4E4822412943ECF599BD6D19BD BaseClass: NativeClass:/Script/Engine.StaticMeshActor Name:StaticMeshActor_UAID_B44506D297670B6F01_1237773892 Label:StaticMeshActor SpatiallyLoaded:1 Bounds:IsValid=true, Min=(X=3808.000 Y=890.000 Z=-18.000), Max=(X=4064.000 Y=1146.000 Z=238.000) RuntimeGrid:None EditorOnly:0 RuntimeOnly:0 HLODRelevant:1
 |   |   |- Guid:19C6899842D1D7E99CF6BAB5186E1251 BaseClass: NativeClass:/Script/Engine.StaticMeshActor Name:StaticMeshActor_UAID_B44506D297670B6F01_1237768885 Label:StaticMeshActor SpatiallyLoaded:1 Bounds:IsValid=true, Min=(X=3040.000 Y=890.000 Z=1518.000), Max=(X=3296.000 Y=1146.000 Z=1774.000) RuntimeGrid:None EditorOnly:0 RuntimeOnly:0 HLODRelevant:1
 |   |   |- Guid:254A70194EDCF9669B49AA9865E43EB0 BaseClass: NativeClass:/Script/Engine.StaticMeshActor Name:StaticMeshActor_UAID_B44506D297670B6F01_1237763879 Label:StaticMeshActor SpatiallyLoaded:1 Bounds:IsValid=true, Min=(X=2272.000 Y=1658.000 Z=1518.000), Max=(X=2528.000 Y=1914.000 Z=1774.000) RuntimeGrid:None EditorOnly:0 RuntimeOnly:0 HLODRelevant:1
 |   |   |- Guid:287CA8C546991277A4125FBACC0B6E6D BaseClass: NativeClass:/Script/Engine.StaticMeshActor Name:StaticMeshActor_UAID_B44506D297670B6F01_1237762878 Label:StaticMeshActor SpatiallyLoaded:1 Bounds:IsValid=true, Min=(X=2272.000 Y=1658.000 Z=750.000), Max=(X=2528.000 Y=1914.000 Z=1006.000) RuntimeGrid:None EditorOnly:0 RuntimeOnly:0 HLODRelevant:1
 |   |   |- Guid:2FB58999456391D349DC0F86DAC136ED BaseClass: NativeClass:/Script/Engine.SkyLight Name:SkyLight_1 Label:SkyLight SpatiallyLoaded:0 Bounds:IsValid=true, Min=(X=0.000 Y=0.000 Z=690.000), Max=(X=0.000 Y=0.000 Z=690.000) RuntimeGrid:None EditorOnly:0 RuntimeOnly:0 HLODRelevant:0 FolderPath:Lighting FolderGuid:963EC3EB4002CCE9759E2EBA541A873A
 |   |   |- Guid:316CF2A6494ACA4C0E4180A87D36AB8F BaseClass: NativeClass:/Script/Engine.ExponentialHeightFog Name:ExponentialHeightFog_0 Label:ExponentialHeightFog SpatiallyLoaded:0 Bounds:IsValid=true, Min=(X=-5600.000 Y=-50.000 Z=-6850.000), Max=(X=-5600.000 Y=-50.000 Z=-6850.000) RuntimeGrid:None EditorOnly:0 RuntimeOnly:0 HLODRelevant:0 FolderPath:Lighting FolderGuid:963EC3EB4002CCE9759E2EBA541A873A
 |   |   |- Guid:39FBC6874F24F2DA5E2FFC83931E6936 BaseClass: NativeClass:/Script/Engine.StaticMeshActor Name:StaticMeshActor_UAID_B44506D297670B6F01_1237770887 Label:StaticMeshActor SpatiallyLoaded:1 Bounds:IsValid=true, Min=(X=3040.000 Y=1658.000 Z=750.000), Max=(X=3296.000 Y=1914.000 Z=1006.000) RuntimeGrid:None EditorOnly:0 RuntimeOnly:0 HLODRelevant:1
 |   |   |- Guid:3A00AA1C422CE54C0BDB60BAF471BFBB BaseClass: NativeClass:/Script/Engine.PlayerStart Name:PlayerStart_0 Label:PlayerStart SpatiallyLoaded:0 Bounds:IsValid=true, Min=(X=860.000 Y=1070.000 Z=0.013), Max=(X=940.000 Y=1150.000 Z=184.013) RuntimeGrid:None EditorOnly:0 RuntimeOnly:0 HLODRelevant:0
 |   |   |- Guid:3D33970C4D15961FF702FCACE219EB7A BaseClass: NativeClass:/Script/Engine.StaticMeshActor Name:StaticMeshActor_UAID_B44506D297670B6F01_1237759873 Label:StaticMeshActor SpatiallyLoaded:1 Bounds:IsValid=true, Min=(X=2272.000 Y=122.000 Z=1518.000), Max=(X=2528.000 Y=378.000 Z=1774.000) RuntimeGrid:None EditorOnly:0 RuntimeOnly:0 HLODRelevant:1
 |   |   |- Guid:3E7741FE4F03DAB0539B80AC454861E4 BaseClass: NativeClass:/Script/Engine.StaticMeshActor Name:StaticMeshActor_UAID_B44506D297670B6F01_1237760875 Label:StaticMeshActor SpatiallyLoaded:1 Bounds:IsValid=true, Min=(X=2272.000 Y=890.000 Z=750.000), Max=(X=2528.000 Y=1146.000 Z=1006.000) RuntimeGrid:None EditorOnly:0 RuntimeOnly:0 HLODRelevant:1
 |   |   |- Guid:4D3BE93F4146AAAC8BBE79999D96D57F BaseClass: NativeClass:/Script/Engine.VolumetricCloud Name:VolumetricCloud_0 Label:VolumetricCloud SpatiallyLoaded:0 Bounds:IsValid=true, Min=(X=0.000 Y=0.000 Z=820.000), Max=(X=0.000 Y=0.000 Z=820.000) RuntimeGrid:None EditorOnly:0 RuntimeOnly:0 HLODRelevant:0 FolderPath:Lighting FolderGuid:963EC3EB4002CCE9759E2EBA541A873A
 |   |   |- Guid:580931964D821F1847C6C9B3D3BA48A3 BaseClass: NativeClass:/Script/Engine.StaticMeshActor Name:StaticMeshActor_UAID_B44506D297670B6F01_1237762877 Label:StaticMeshActor SpatiallyLoaded:1 Bounds:IsValid=true, Min=(X=2272.000 Y=1658.000 Z=-18.000), Max=(X=2528.000 Y=1914.000 Z=238.000) RuntimeGrid:None EditorOnly:0 RuntimeOnly:0 HLODRelevant:1
 |   |   |- Guid:692FEF354948D7991525ACA422CEEB90 BaseClass: NativeClass:/Script/Engine.StaticMeshActor Name:StaticMeshActor_UAID_B44506D297670B6F01_1237777896 Label:StaticMeshActor SpatiallyLoaded:1 Bounds:IsValid=true, Min=(X=3808.000 Y=1658.000 Z=750.000), Max=(X=4064.000 Y=1914.000 Z=1006.000) RuntimeGrid:None EditorOnly:0 RuntimeOnly:0 HLODRelevant:1
 |   |   |- Guid:6BAF4DDD444C60371492D3919DB42C97 BaseClass: NativeClass:/Script/Engine.WorldDataLayers Name:WorldDataLayers Label:WorldDataLayers SpatiallyLoaded:0 Bounds:IsValid=true, Min=(X=0.000 Y=0.000 Z=0.000), Max=(X=0.000 Y=0.000 Z=0.000) RuntimeGrid:None EditorOnly:0 RuntimeOnly:0 HLODRelevant:0
 |   |   |- Guid:7505D33A45B642ECF34FF7A1BA075272 BaseClass:/Game/ThirdPerson/Blueprints/Exercice.Exercice_C NativeClass:/Script/Engine.Actor Name:Exercice_C_UAID_B44506D29767086F01_1611379917 Label:Exercice SpatiallyLoaded:1 Bounds:IsValid=true, Min=(X=2400.000 Y=250.000 Z=110.000), Max=(X=2400.000 Y=250.000 Z=110.000) RuntimeGrid:None EditorOnly:0 RuntimeOnly:0 HLODRelevant:0
 |   |   |- Guid:7DFBCBA64882BCEDAB042BA3209640BF BaseClass: NativeClass:/Script/Engine.StaticMeshActor Name:StaticMeshActor_UAID_B44506D297670B6F01_1237775894 Label:StaticMeshActor SpatiallyLoaded:1 Bounds:IsValid=true, Min=(X=3808.000 Y=890.000 Z=1518.000), Max=(X=4064.000 Y=1146.000 Z=1774.000) RuntimeGrid:None EditorOnly:0 RuntimeOnly:0 HLODRelevant:1
 |   |   |- Guid:A6052A8A4B506F58F073BC9E7E2A94B1 BaseClass: NativeClass:/Script/Engine.StaticMeshActor Name:StaticMeshActor_UAID_B44506D297670B6F01_1237776895 Label:StaticMeshActor SpatiallyLoaded:1 Bounds:IsValid=true, Min=(X=3808.000 Y=1658.000 Z=-18.000), Max=(X=4064.000 Y=1914.000 Z=238.000) RuntimeGrid:None EditorOnly:0 RuntimeOnly:0 HLODRelevant:1
 |   |   |- Guid:B4A30C084383C4E54843CBA966E847C8 BaseClass: NativeClass:/Script/Engine.StaticMeshActor Name:StaticMeshActor_UAID_B44506D297670B6F01_1237769886 Label:StaticMeshActor SpatiallyLoaded:1 Bounds:IsValid=true, Min=(X=3040.000 Y=1658.000 Z=-18.000), Max=(X=3296.000 Y=1914.000 Z=238.000) RuntimeGrid:None EditorOnly:0 RuntimeOnly:0 HLODRelevant:1
 |   |   |- Guid:B65C47584EC0E1B775330497EB15C775 BaseClass: NativeClass:/Script/Engine.StaticMeshActor Name:StaticMeshActor_UAID_B44506D297670B6F01_1237773891 Label:StaticMeshActor SpatiallyLoaded:1 Bounds:IsValid=true, Min=(X=3808.000 Y=122.000 Z=1518.000), Max=(X=4064.000 Y=378.000 Z=1774.000) RuntimeGrid:None EditorOnly:0 RuntimeOnly:0 HLODRelevant:1
 |   |   |- Guid:B785ED2844B84CFB91E7F39FE661CD99 BaseClass: NativeClass:/Script/Engine.DirectionalLight Name:DirectionalLight_0 Label:DirectionalLight SpatiallyLoaded:0 Bounds:IsValid=true, Min=(X=-1048576.000 Y=-1048576.000 Z=-1048576.000), Max=(X=1048576.000 Y=1048576.000 Z=1048576.000) RuntimeGrid:None EditorOnly:0 RuntimeOnly:0 HLODRelevant:0 FolderPath:Lighting FolderGuid:963EC3EB4002CCE9759E2EBA541A873A
 |   |   |- Guid:BA4F2898493424FA47F1ECB818984595 BaseClass: NativeClass:/Script/Engine.StaticMeshActor Name:StaticMeshActor_UAID_B44506D297670B6F01_1237767884 Label:StaticMeshActor SpatiallyLoaded:1 Bounds:IsValid=true, Min=(X=3040.000 Y=890.000 Z=750.000), Max=(X=3296.000 Y=1146.000 Z=1006.000) RuntimeGrid:None EditorOnly:0 RuntimeOnly:0 HLODRelevant:1
 |   |   |- Guid:BC8451754B3DE162829688B733F1BD8C BaseClass: NativeClass:/Script/Engine.StaticMeshActor Name:StaticMeshActor_UAID_B44506D297670B6F01_1237759874 Label:StaticMeshActor SpatiallyLoaded:1 Bounds:IsValid=true, Min=(X=2272.000 Y=890.000 Z=-18.000), Max=(X=2528.000 Y=1146.000 Z=238.000) RuntimeGrid:None EditorOnly:0 RuntimeOnly:0 HLODRelevant:1
 |   |   |- Guid:C30387714C2B83D3F292428283852E02 BaseClass: NativeClass:/Script/Engine.StaticMeshActor Name:StaticMeshActor_UAID_B44506D297670B6F01_1237761876 Label:StaticMeshActor SpatiallyLoaded:1 Bounds:IsValid=true, Min=(X=2272.000 Y=890.000 Z=1518.000), Max=(X=2528.000 Y=1146.000 Z=1774.000) RuntimeGrid:None EditorOnly:0 RuntimeOnly:0 HLODRelevant:1
 |   |   |- Guid:C799DD204912C44A7560AC9574EEBE04 BaseClass: NativeClass:/Script/Engine.StaticMeshActor Name:StaticMeshActor_UAID_B44506D297670B6F01_1237771888 Label:StaticMeshActor SpatiallyLoaded:1 Bounds:IsValid=true, Min=(X=3040.000 Y=1658.000 Z=1518.000), Max=(X=3296.000 Y=1914.000 Z=1774.000) RuntimeGrid:None EditorOnly:0 RuntimeOnly:0 HLODRelevant:1
 |   |   |- Guid:CCFF262C46EEFFDF319E7F9539CE697E BaseClass: NativeClass:/Script/Engine.SkyAtmosphere Name:SkyAtmosphere_0 Label:SkyAtmosphere SpatiallyLoaded:0 Bounds:IsValid=true, Min=(X=0.000 Y=0.000 Z=1020.000), Max=(X=0.000 Y=0.000 Z=1020.000) RuntimeGrid:None EditorOnly:0 RuntimeOnly:0 HLODRelevant:0 FolderPath:Lighting FolderGuid:963EC3EB4002CCE9759E2EBA541A873A
 |   |   |- Guid:CE5825F24086D09238B932BAD10EBE6D BaseClass: NativeClass:/Script/Engine.StaticMeshActor Name:StaticMeshActor_UAID_B44506D297670B6F01_1237778897 Label:StaticMeshActor SpatiallyLoaded:1 Bounds:IsValid=true, Min=(X=3808.000 Y=1658.000 Z=1518.000), Max=(X=4064.000 Y=1914.000 Z=1774.000) RuntimeGrid:None EditorOnly:0 RuntimeOnly:0 HLODRelevant:1
 |   |   |- Guid:D7C290E3491958D66DB85A9DAB7672B5 BaseClass: NativeClass:/Script/Engine.StaticMeshActor Name:StaticMeshActor_UAID_B44506D297670B6F01_1237764880 Label:StaticMeshActor SpatiallyLoaded:1 Bounds:IsValid=true, Min=(X=3040.000 Y=122.000 Z=-18.000), Max=(X=3296.000 Y=378.000 Z=238.000) RuntimeGrid:None EditorOnly:0 RuntimeOnly:0 HLODRelevant:1
 |   |   |- Guid:E5D751C9401CF2813439E3972F0AD5F9 BaseClass: NativeClass:/Script/Engine.StaticMeshActor Name:StaticMeshActor_UAID_B44506D297670B6F01_1237772890 Label:StaticMeshActor SpatiallyLoaded:1 Bounds:IsValid=true, Min=(X=3808.000 Y=122.000 Z=750.000), Max=(X=4064.000 Y=378.000 Z=1006.000) RuntimeGrid:None EditorOnly:0 RuntimeOnly:0 HLODRelevant:1
 |   |   |- Guid:EC4E0C944CE6AC6E784BC6BB2916EA13 BaseClass: NativeClass:/Script/Engine.StaticMeshActor Name:StaticMeshActor_UAID_A4AE111137DC5EFB00_1110535423 Label:SM_SkySphere SpatiallyLoaded:0 Bounds:IsValid=true, Min=(X=-1638400.000 Y=-1638400.000 Z=-1638400.000), Max=(X=1638400.000 Y=1638400.000 Z=1638400.000) RuntimeGrid:None EditorOnly:0 RuntimeOnly:0 HLODRelevant:1 FolderPath:Lighting FolderGuid:963EC3EB4002CCE9759E2EBA541A873A
 |   |   |- Guid:F096B7984C5595078DB524888AE9EB2F BaseClass: NativeClass:/Script/Engine.StaticMeshActor Name:StaticMeshActor_UAID_B44506D297670B6F01_1237775893 Label:StaticMeshActor SpatiallyLoaded:1 Bounds:IsValid=true, Min=(X=3808.000 Y=890.000 Z=750.000), Max=(X=4064.000 Y=1146.000 Z=1006.000) RuntimeGrid:None EditorOnly:0 RuntimeOnly:0 HLODRelevant:1
 |   |   |- Guid:F1924B8D48954B30891B2DB6A694F9CC BaseClass: NativeClass:/Script/Engine.StaticMeshActor Name:StaticMeshActor_1 Label:SM_Cube SpatiallyLoaded:1 Bounds:IsValid=true, Min=(X=0.000 Y=0.000 Z=-50.000), Max=(X=3000.000 Y=3500.000 Z=0.000) RuntimeGrid:None EditorOnly:0 RuntimeOnly:0 HLODRelevant:1 FolderPath:Playground FolderGuid:C73F09FC4215536B1DCE2A9E0A830C70
 |   |   |- Guid:F5E3FEB3450C49844FD93DA8E083C8AD BaseClass: NativeClass:/Script/Engine.PostProcessVolume Name:PostProcessVolume_0 Label:PostProcessVolume SpatiallyLoaded:0 Bounds:IsValid=true, Min=(X=0.000 Y=0.000 Z=400.000), Max=(X=200.000 Y=200.000 Z=600.000) RuntimeGrid:None EditorOnly:0 RuntimeOnly:0 HLODRelevant:0 FolderPath:Lighting FolderGuid:963EC3EB4002CCE9759E2EBA541A873A
 |   |- [+] Clusters:
 |   |   |- [+] [  0]
 |   |   |   |- Guid:6BAF4DDD444C60371492D3919DB42C97 BaseClass: NativeClass:/Script/Engine.WorldDataLayers Name:WorldDataLayers Label:WorldDataLayers SpatiallyLoaded:0 Bounds:IsValid=true, Min=(X=0.000 Y=0.000 Z=0.000), Max=(X=0.000 Y=0.000 Z=0.000) RuntimeGrid:None EditorOnly:0 RuntimeOnly:0 HLODRelevant:0
 |   |   |- [+] [  1]
 |   |   |   |- Guid:F5E3FEB3450C49844FD93DA8E083C8AD BaseClass: NativeClass:/Script/Engine.PostProcessVolume Name:PostProcessVolume_0 Label:PostProcessVolume SpatiallyLoaded:0 Bounds:IsValid=true, Min=(X=0.000 Y=0.000 Z=400.000), Max=(X=200.000 Y=200.000 Z=600.000) RuntimeGrid:None EditorOnly:0 RuntimeOnly:0 HLODRelevant:0 FolderPath:Lighting FolderGuid:963EC3EB4002CCE9759E2EBA541A873A
 |   |   |- [+] [  2]
 |   |   |   |- Guid:4D3BE93F4146AAAC8BBE79999D96D57F BaseClass: NativeClass:/Script/Engine.VolumetricCloud Name:VolumetricCloud_0 Label:VolumetricCloud SpatiallyLoaded:0 Bounds:IsValid=true, Min=(X=0.000 Y=0.000 Z=820.000), Max=(X=0.000 Y=0.000 Z=820.000) RuntimeGrid:None EditorOnly:0 RuntimeOnly:0 HLODRelevant:0 FolderPath:Lighting FolderGuid:963EC3EB4002CCE9759E2EBA541A873A
 |   |   |- [+] [  3]
 |   |   |   |- Guid:CCFF262C46EEFFDF319E7F9539CE697E BaseClass: NativeClass:/Script/Engine.SkyAtmosphere Name:SkyAtmosphere_0 Label:SkyAtmosphere SpatiallyLoaded:0 Bounds:IsValid=true, Min=(X=0.000 Y=0.000 Z=1020.000), Max=(X=0.000 Y=0.000 Z=1020.000) RuntimeGrid:None EditorOnly:0 RuntimeOnly:0 HLODRelevant:0 FolderPath:Lighting FolderGuid:963EC3EB4002CCE9759E2EBA541A873A
 |   |   |- [+] [  4]
 |   |   |   |- Guid:EC4E0C944CE6AC6E784BC6BB2916EA13 BaseClass: NativeClass:/Script/Engine.StaticMeshActor Name:StaticMeshActor_UAID_A4AE111137DC5EFB00_1110535423 Label:SM_SkySphere SpatiallyLoaded:0 Bounds:IsValid=true, Min=(X=-1638400.000 Y=-1638400.000 Z=-1638400.000), Max=(X=1638400.000 Y=1638400.000 Z=1638400.000) RuntimeGrid:None EditorOnly:0 RuntimeOnly:0 HLODRelevant:1 FolderPath:Lighting FolderGuid:963EC3EB4002CCE9759E2EBA541A873A
 |   |   |- [+] [  5]
 |   |   |   |- Guid:B785ED2844B84CFB91E7F39FE661CD99 BaseClass: NativeClass:/Script/Engine.DirectionalLight Name:DirectionalLight_0 Label:DirectionalLight SpatiallyLoaded:0 Bounds:IsValid=true, Min=(X=-1048576.000 Y=-1048576.000 Z=-1048576.000), Max=(X=1048576.000 Y=1048576.000 Z=1048576.000) RuntimeGrid:None EditorOnly:0 RuntimeOnly:0 HLODRelevant:0 FolderPath:Lighting FolderGuid:963EC3EB4002CCE9759E2EBA541A873A
 |   |   |- [+] [  6]
 |   |   |   |- Guid:316CF2A6494ACA4C0E4180A87D36AB8F BaseClass: NativeClass:/Script/Engine.ExponentialHeightFog Name:ExponentialHeightFog_0 Label:ExponentialHeightFog SpatiallyLoaded:0 Bounds:IsValid=true, Min=(X=-5600.000 Y=-50.000 Z=-6850.000), Max=(X=-5600.000 Y=-50.000 Z=-6850.000) RuntimeGrid:None EditorOnly:0 RuntimeOnly:0 HLODRelevant:0 FolderPath:Lighting FolderGuid:963EC3EB4002CCE9759E2EBA541A873A
 |   |   |- [+] [  7]
 |   |   |   |- Guid:F1924B8D48954B30891B2DB6A694F9CC BaseClass: NativeClass:/Script/Engine.StaticMeshActor Name:StaticMeshActor_1 Label:SM_Cube SpatiallyLoaded:1 Bounds:IsValid=true, Min=(X=0.000 Y=0.000 Z=-50.000), Max=(X=3000.000 Y=3500.000 Z=0.000) RuntimeGrid:None EditorOnly:0 RuntimeOnly:0 HLODRelevant:1 FolderPath:Playground FolderGuid:C73F09FC4215536B1DCE2A9E0A830C70
 |   |   |- [+] [  8]
 |   |   |   |- Guid:2FB58999456391D349DC0F86DAC136ED BaseClass: NativeClass:/Script/Engine.SkyLight Name:SkyLight_1 Label:SkyLight SpatiallyLoaded:0 Bounds:IsValid=true, Min=(X=0.000 Y=0.000 Z=690.000), Max=(X=0.000 Y=0.000 Z=690.000) RuntimeGrid:None EditorOnly:0 RuntimeOnly:0 HLODRelevant:0 FolderPath:Lighting FolderGuid:963EC3EB4002CCE9759E2EBA541A873A
 |   |   |- [+] [  9]
 |   |   |   |- Guid:3A00AA1C422CE54C0BDB60BAF471BFBB BaseClass: NativeClass:/Script/Engine.PlayerStart Name:PlayerStart_0 Label:PlayerStart SpatiallyLoaded:0 Bounds:IsValid=true, Min=(X=860.000 Y=1070.000 Z=0.013), Max=(X=940.000 Y=1150.000 Z=184.013) RuntimeGrid:None EditorOnly:0 RuntimeOnly:0 HLODRelevant:0
 |   |   |- [+] [ 10]
 |   |   |   |- Guid:7505D33A45B642ECF34FF7A1BA075272 BaseClass:/Game/ThirdPerson/Blueprints/Exercice.Exercice_C NativeClass:/Script/Engine.Actor Name:Exercice_C_UAID_B44506D29767086F01_1611379917 Label:Exercice SpatiallyLoaded:1 Bounds:IsValid=true, Min=(X=2400.000 Y=250.000 Z=110.000), Max=(X=2400.000 Y=250.000 Z=110.000) RuntimeGrid:None EditorOnly:0 RuntimeOnly:0 HLODRelevant:0
 |   |   |- [+] [ 11]
 |   |   |   |- Guid:0DD1D8CE4BEA85B068452F9B1D7D1D52 BaseClass: NativeClass:/Script/Engine.StaticMeshActor Name:StaticMeshActor_UAID_B44506D297670B6F01_1237755871 Label:StaticMeshActor SpatiallyLoaded:1 Bounds:IsValid=true, Min=(X=2272.000 Y=122.000 Z=-18.000), Max=(X=2528.000 Y=378.000 Z=238.000) RuntimeGrid:None EditorOnly:0 RuntimeOnly:0 HLODRelevant:1
 |   |   |- [+] [ 12]
 |   |   |   |- Guid:0BB358F4465CF603352A67BA6ED53875 BaseClass: NativeClass:/Script/Engine.StaticMeshActor Name:StaticMeshActor_UAID_B44506D297670B6F01_1237757872 Label:StaticMeshActor SpatiallyLoaded:1 Bounds:IsValid=true, Min=(X=2272.000 Y=122.000 Z=750.000), Max=(X=2528.000 Y=378.000 Z=1006.000) RuntimeGrid:None EditorOnly:0 RuntimeOnly:0 HLODRelevant:1
 |   |   |- [+] [ 13]
 |   |   |   |- Guid:3D33970C4D15961FF702FCACE219EB7A BaseClass: NativeClass:/Script/Engine.StaticMeshActor Name:StaticMeshActor_UAID_B44506D297670B6F01_1237759873 Label:StaticMeshActor SpatiallyLoaded:1 Bounds:IsValid=true, Min=(X=2272.000 Y=122.000 Z=1518.000), Max=(X=2528.000 Y=378.000 Z=1774.000) RuntimeGrid:None EditorOnly:0 RuntimeOnly:0 HLODRelevant:1
 |   |   |- [+] [ 14]
 |   |   |   |- Guid:BC8451754B3DE162829688B733F1BD8C BaseClass: NativeClass:/Script/Engine.StaticMeshActor Name:StaticMeshActor_UAID_B44506D297670B6F01_1237759874 Label:StaticMeshActor SpatiallyLoaded:1 Bounds:IsValid=true, Min=(X=2272.000 Y=890.000 Z=-18.000), Max=(X=2528.000 Y=1146.000 Z=238.000) RuntimeGrid:None EditorOnly:0 RuntimeOnly:0 HLODRelevant:1
 |   |   |- [+] [ 15]
 |   |   |   |- Guid:3E7741FE4F03DAB0539B80AC454861E4 BaseClass: NativeClass:/Script/Engine.StaticMeshActor Name:StaticMeshActor_UAID_B44506D297670B6F01_1237760875 Label:StaticMeshActor SpatiallyLoaded:1 Bounds:IsValid=true, Min=(X=2272.000 Y=890.000 Z=750.000), Max=(X=2528.000 Y=1146.000 Z=1006.000) RuntimeGrid:None EditorOnly:0 RuntimeOnly:0 HLODRelevant:1
 |   |   |- [+] [ 16]
 |   |   |   |- Guid:C30387714C2B83D3F292428283852E02 BaseClass: NativeClass:/Script/Engine.StaticMeshActor Name:StaticMeshActor_UAID_B44506D297670B6F01_1237761876 Label:StaticMeshActor SpatiallyLoaded:1 Bounds:IsValid=true, Min=(X=2272.000 Y=890.000 Z=1518.000), Max=(X=2528.000 Y=1146.000 Z=1774.000) RuntimeGrid:None EditorOnly:0 RuntimeOnly:0 HLODRelevant:1
 |   |   |- [+] [ 17]
 |   |   |   |- Guid:580931964D821F1847C6C9B3D3BA48A3 BaseClass: NativeClass:/Script/Engine.StaticMeshActor Name:StaticMeshActor_UAID_B44506D297670B6F01_1237762877 Label:StaticMeshActor SpatiallyLoaded:1 Bounds:IsValid=true, Min=(X=2272.000 Y=1658.000 Z=-18.000), Max=(X=2528.000 Y=1914.000 Z=238.000) RuntimeGrid:None EditorOnly:0 RuntimeOnly:0 HLODRelevant:1
 |   |   |- [+] [ 18]
 |   |   |   |- Guid:287CA8C546991277A4125FBACC0B6E6D BaseClass: NativeClass:/Script/Engine.StaticMeshActor Name:StaticMeshActor_UAID_B44506D297670B6F01_1237762878 Label:StaticMeshActor SpatiallyLoaded:1 Bounds:IsValid=true, Min=(X=2272.000 Y=1658.000 Z=750.000), Max=(X=2528.000 Y=1914.000 Z=1006.000) RuntimeGrid:None EditorOnly:0 RuntimeOnly:0 HLODRelevant:1
 |   |   |- [+] [ 19]
 |   |   |   |- Guid:254A70194EDCF9669B49AA9865E43EB0 BaseClass: NativeClass:/Script/Engine.StaticMeshActor Name:StaticMeshActor_UAID_B44506D297670B6F01_1237763879 Label:StaticMeshActor SpatiallyLoaded:1 Bounds:IsValid=true, Min=(X=2272.000 Y=1658.000 Z=1518.000), Max=(X=2528.000 Y=1914.000 Z=1774.000) RuntimeGrid:None EditorOnly:0 RuntimeOnly:0 HLODRelevant:1
 |   |   |- [+] [ 20]
 |   |   |   |- Guid:D7C290E3491958D66DB85A9DAB7672B5 BaseClass: NativeClass:/Script/Engine.StaticMeshActor Name:StaticMeshActor_UAID_B44506D297670B6F01_1237764880 Label:StaticMeshActor SpatiallyLoaded:1 Bounds:IsValid=true, Min=(X=3040.000 Y=122.000 Z=-18.000), Max=(X=3296.000 Y=378.000 Z=238.000) RuntimeGrid:None EditorOnly:0 RuntimeOnly:0 HLODRelevant:1
 |   |   |- [+] [ 21]
 |   |   |   |- Guid:064FA20A456DBAAF2DA6679AEA29B8F9 BaseClass: NativeClass:/Script/Engine.StaticMeshActor Name:StaticMeshActor_UAID_B44506D297670B6F01_1237765881 Label:StaticMeshActor SpatiallyLoaded:1 Bounds:IsValid=true, Min=(X=3040.000 Y=122.000 Z=750.000), Max=(X=3296.000 Y=378.000 Z=1006.000) RuntimeGrid:None EditorOnly:0 RuntimeOnly:0 HLODRelevant:1
 |   |   |- [+] [ 22]
 |   |   |   |- Guid:00749AE54309E4B30383B996BC5CE6D1 BaseClass: NativeClass:/Script/Engine.StaticMeshActor Name:StaticMeshActor_UAID_B44506D297670B6F01_1237766882 Label:StaticMeshActor SpatiallyLoaded:1 Bounds:IsValid=true, Min=(X=3040.000 Y=122.000 Z=1518.000), Max=(X=3296.000 Y=378.000 Z=1774.000) RuntimeGrid:None EditorOnly:0 RuntimeOnly:0 HLODRelevant:1
 |   |   |- [+] [ 23]
 |   |   |   |- Guid:08C3BF4746F5E2890EF33F8F26E29839 BaseClass: NativeClass:/Script/Engine.StaticMeshActor Name:StaticMeshActor_UAID_B44506D297670B6F01_1237767883 Label:StaticMeshActor SpatiallyLoaded:1 Bounds:IsValid=true, Min=(X=3040.000 Y=890.000 Z=-18.000), Max=(X=3296.000 Y=1146.000 Z=238.000) RuntimeGrid:None EditorOnly:0 RuntimeOnly:0 HLODRelevant:1
 |   |   |- [+] [ 24]
 |   |   |   |- Guid:BA4F2898493424FA47F1ECB818984595 BaseClass: NativeClass:/Script/Engine.StaticMeshActor Name:StaticMeshActor_UAID_B44506D297670B6F01_1237767884 Label:StaticMeshActor SpatiallyLoaded:1 Bounds:IsValid=true, Min=(X=3040.000 Y=890.000 Z=750.000), Max=(X=3296.000 Y=1146.000 Z=1006.000) RuntimeGrid:None EditorOnly:0 RuntimeOnly:0 HLODRelevant:1
 |   |   |- [+] [ 25]
 |   |   |   |- Guid:19C6899842D1D7E99CF6BAB5186E1251 BaseClass: NativeClass:/Script/Engine.StaticMeshActor Name:StaticMeshActor_UAID_B44506D297670B6F01_1237768885 Label:StaticMeshActor SpatiallyLoaded:1 Bounds:IsValid=true, Min=(X=3040.000 Y=890.000 Z=1518.000), Max=(X=3296.000 Y=1146.000 Z=1774.000) RuntimeGrid:None EditorOnly:0 RuntimeOnly:0 HLODRelevant:1
 |   |   |- [+] [ 26]
 |   |   |   |- Guid:B4A30C084383C4E54843CBA966E847C8 BaseClass: NativeClass:/Script/Engine.StaticMeshActor Name:StaticMeshActor_UAID_B44506D297670B6F01_1237769886 Label:StaticMeshActor SpatiallyLoaded:1 Bounds:IsValid=true, Min=(X=3040.000 Y=1658.000 Z=-18.000), Max=(X=3296.000 Y=1914.000 Z=238.000) RuntimeGrid:None EditorOnly:0 RuntimeOnly:0 HLODRelevant:1
 |   |   |- [+] [ 27]
 |   |   |   |- Guid:39FBC6874F24F2DA5E2FFC83931E6936 BaseClass: NativeClass:/Script/Engine.StaticMeshActor Name:StaticMeshActor_UAID_B44506D297670B6F01_1237770887 Label:StaticMeshActor SpatiallyLoaded:1 Bounds:IsValid=true, Min=(X=3040.000 Y=1658.000 Z=750.000), Max=(X=3296.000 Y=1914.000 Z=1006.000) RuntimeGrid:None EditorOnly:0 RuntimeOnly:0 HLODRelevant:1
 |   |   |- [+] [ 28]
 |   |   |   |- Guid:C799DD204912C44A7560AC9574EEBE04 BaseClass: NativeClass:/Script/Engine.StaticMeshActor Name:StaticMeshActor_UAID_B44506D297670B6F01_1237771888 Label:StaticMeshActor SpatiallyLoaded:1 Bounds:IsValid=true, Min=(X=3040.000 Y=1658.000 Z=1518.000), Max=(X=3296.000 Y=1914.000 Z=1774.000) RuntimeGrid:None EditorOnly:0 RuntimeOnly:0 HLODRelevant:1
 |   |   |- [+] [ 29]
 |   |   |   |- Guid:1435C6944FDE6A4600740B90D82A12A9 BaseClass: NativeClass:/Script/Engine.StaticMeshActor Name:StaticMeshActor_UAID_B44506D297670B6F01_1237772889 Label:StaticMeshActor SpatiallyLoaded:1 Bounds:IsValid=true, Min=(X=3808.000 Y=122.000 Z=-18.000), Max=(X=4064.000 Y=378.000 Z=238.000) RuntimeGrid:None EditorOnly:0 RuntimeOnly:0 HLODRelevant:1
 |   |   |- [+] [ 30]
 |   |   |   |- Guid:E5D751C9401CF2813439E3972F0AD5F9 BaseClass: NativeClass:/Script/Engine.StaticMeshActor Name:StaticMeshActor_UAID_B44506D297670B6F01_1237772890 Label:StaticMeshActor SpatiallyLoaded:1 Bounds:IsValid=true, Min=(X=3808.000 Y=122.000 Z=750.000), Max=(X=4064.000 Y=378.000 Z=1006.000) RuntimeGrid:None EditorOnly:0 RuntimeOnly:0 HLODRelevant:1
 |   |   |- [+] [ 31]
 |   |   |   |- Guid:B65C47584EC0E1B775330497EB15C775 BaseClass: NativeClass:/Script/Engine.StaticMeshActor Name:StaticMeshActor_UAID_B44506D297670B6F01_1237773891 Label:StaticMeshActor SpatiallyLoaded:1 Bounds:IsValid=true, Min=(X=3808.000 Y=122.000 Z=1518.000), Max=(X=4064.000 Y=378.000 Z=1774.000) RuntimeGrid:None EditorOnly:0 RuntimeOnly:0 HLODRelevant:1
 |   |   |- [+] [ 32]
 |   |   |   |- Guid:157B8F4E4822412943ECF599BD6D19BD BaseClass: NativeClass:/Script/Engine.StaticMeshActor Name:StaticMeshActor_UAID_B44506D297670B6F01_1237773892 Label:StaticMeshActor SpatiallyLoaded:1 Bounds:IsValid=true, Min=(X=3808.000 Y=890.000 Z=-18.000), Max=(X=4064.000 Y=1146.000 Z=238.000) RuntimeGrid:None EditorOnly:0 RuntimeOnly:0 HLODRelevant:1
 |   |   |- [+] [ 33]
 |   |   |   |- Guid:F096B7984C5595078DB524888AE9EB2F BaseClass: NativeClass:/Script/Engine.StaticMeshActor Name:StaticMeshActor_UAID_B44506D297670B6F01_1237775893 Label:StaticMeshActor SpatiallyLoaded:1 Bounds:IsValid=true, Min=(X=3808.000 Y=890.000 Z=750.000), Max=(X=4064.000 Y=1146.000 Z=1006.000) RuntimeGrid:None EditorOnly:0 RuntimeOnly:0 HLODRelevant:1
 |   |   |- [+] [ 34]
 |   |   |   |- Guid:7DFBCBA64882BCEDAB042BA3209640BF BaseClass: NativeClass:/Script/Engine.StaticMeshActor Name:StaticMeshActor_UAID_B44506D297670B6F01_1237775894 Label:StaticMeshActor SpatiallyLoaded:1 Bounds:IsValid=true, Min=(X=3808.000 Y=890.000 Z=1518.000), Max=(X=4064.000 Y=1146.000 Z=1774.000) RuntimeGrid:None EditorOnly:0 RuntimeOnly:0 HLODRelevant:1
 |   |   |- [+] [ 35]
 |   |   |   |- Guid:A6052A8A4B506F58F073BC9E7E2A94B1 BaseClass: NativeClass:/Script/Engine.StaticMeshActor Name:StaticMeshActor_UAID_B44506D297670B6F01_1237776895 Label:StaticMeshActor SpatiallyLoaded:1 Bounds:IsValid=true, Min=(X=3808.000 Y=1658.000 Z=-18.000), Max=(X=4064.000 Y=1914.000 Z=238.000) RuntimeGrid:None EditorOnly:0 RuntimeOnly:0 HLODRelevant:1
 |   |   |- [+] [ 36]
 |   |   |   |- Guid:692FEF354948D7991525ACA422CEEB90 BaseClass: NativeClass:/Script/Engine.StaticMeshActor Name:StaticMeshActor_UAID_B44506D297670B6F01_1237777896 Label:StaticMeshActor SpatiallyLoaded:1 Bounds:IsValid=true, Min=(X=3808.000 Y=1658.000 Z=750.000), Max=(X=4064.000 Y=1914.000 Z=1006.000) RuntimeGrid:None EditorOnly:0 RuntimeOnly:0 HLODRelevant:1
 |   |   |- [+] [ 37]
 |   |   |   |- Guid:CE5825F24086D09238B932BAD10EBE6D BaseClass: NativeClass:/Script/Engine.StaticMeshActor Name:StaticMeshActor_UAID_B44506D297670B6F01_1237778897 Label:StaticMeshActor SpatiallyLoaded:1 Bounds:IsValid=true, Min=(X=3808.000 Y=1658.000 Z=1518.000), Max=(X=4064.000 Y=1914.000 Z=1774.000) RuntimeGrid:None EditorOnly:0 RuntimeOnly:0 HLODRelevant:1
 |- ContainerInstances:
 |- [+] MainContainer:
 |   |-        ID: 0x0000000000000000
 |   |-    Bounds: IsValid=false, Min=(X=0.000 Y=0.000 Z=0.000), Max=(X=0.000 Y=0.000 Z=0.000)
 |   |- Transform: 0.000000,0.000000,0.000000|0.000000,0.000000,-0.000000|1.000000,1.000000,1.000000
 |   |- Container: /Game/ThirdPerson/Maps/ThirdPersonMap
----------------------------------------------------------------------------------------------------------------
ThirdPersonMap - Persistent Level
----------------------------------------------------------------------------------------------------------------
Always loaded Actor Count: 80 

----------------------------------------------------------------------------------------------------------------
ThirdPersonMap - Runtime Spatial Hash - Streaming Grid - MainGrid
----------------------------------------------------------------------------------------------------------------
            Origin: X=0.000 Y=0.000 Z=0.000
         Cell Size: 12800
      World Bounds: IsValid=false, Min=(X=0.000 Y=0.000 Z=0.000), Max=(X=0.000 Y=0.000 Z=0.000)
     Loading Range: 25600.00
Block Slow Loading: No
 ClientOnlyVisible: No

[+] Grid Levels: 1
 |- Level  0: Cell Count    0 | Cell Size   12800 | Actor Count    0 (0.0%)

[+] Content of Grid Level 0

